[30-Oct-2019 22:08:00 America/Los_Angeles] PHP Warning:  mysqli_fetch_array() expects parameter 1 to be mysqli_result, boolean given in /Applications/mampstack-7.1.33-0/apache2/htdocs/Phase3_Sample_Submission/view_requests.php on line 35
[30-Oct-2019 22:08:12 America/Los_Angeles] PHP Warning:  mysqli_fetch_array() expects parameter 1 to be mysqli_result, boolean given in /Applications/mampstack-7.1.33-0/apache2/htdocs/Phase3_Sample_Submission/view_requests.php on line 35
[30-Oct-2019 22:09:52 America/Los_Angeles] PHP Warning:  mysqli_fetch_array() expects parameter 1 to be mysqli_result, boolean given in /Applications/mampstack-7.1.33-0/apache2/htdocs/Phase3_Sample_Submission/view_requests.php on line 35
[30-Oct-2019 22:09:53 America/Los_Angeles] PHP Warning:  mysqli_fetch_array() expects parameter 1 to be mysqli_result, boolean given in /Applications/mampstack-7.1.33-0/apache2/htdocs/Phase3_Sample_Submission/view_requests.php on line 35
[30-Oct-2019 22:11:04 America/Los_Angeles] PHP Warning:  mysqli_fetch_array() expects parameter 1 to be mysqli_result, boolean given in /Applications/mampstack-7.1.33-0/apache2/htdocs/Phase3_Sample_Submission/view_requests.php on line 35
[30-Oct-2019 22:11:13 America/Los_Angeles] PHP Warning:  mysqli_fetch_array() expects parameter 1 to be mysqli_result, boolean given in /Applications/mampstack-7.1.33-0/apache2/htdocs/Phase3_Sample_Submission/view_requests.php on line 35
[30-Oct-2019 22:11:17 America/Los_Angeles] PHP Warning:  mysqli_fetch_array() expects parameter 1 to be mysqli_result, boolean given in /Applications/mampstack-7.1.33-0/apache2/htdocs/Phase3_Sample_Submission/view_requests.php on line 35
[30-Oct-2019 22:12:09 America/Los_Angeles] PHP Warning:  mysqli_fetch_array() expects parameter 1 to be mysqli_result, boolean given in /Applications/mampstack-7.1.33-0/apache2/htdocs/Phase3_Sample_Submission/view_requests.php on line 35
[30-Oct-2019 22:15:24 America/Los_Angeles] PHP Warning:  mysqli_fetch_array() expects parameter 1 to be mysqli_result, boolean given in /Applications/mampstack-7.1.33-0/apache2/htdocs/Phase3_Sample_Submission/view_requests.php on line 35
[30-Oct-2019 22:15:26 America/Los_Angeles] PHP Warning:  mysqli_fetch_array() expects parameter 1 to be mysqli_result, boolean given in /Applications/mampstack-7.1.33-0/apache2/htdocs/Phase3_Sample_Submission/view_requests.php on line 35
[30-Oct-2019 22:15:46 America/Los_Angeles] PHP Warning:  mysqli_fetch_array() expects parameter 1 to be mysqli_result, boolean given in /Applications/mampstack-7.1.33-0/apache2/htdocs/Phase3_Sample_Submission/view_requests.php on line 35
[30-Oct-2019 22:20:40 America/Los_Angeles] PHP Warning:  mysqli_fetch_array() expects parameter 1 to be mysqli_result, boolean given in /Applications/mampstack-7.1.33-0/apache2/htdocs/Phase3_Sample_Submission/view_requests.php on line 35
[30-Oct-2019 22:20:43 America/Los_Angeles] PHP Warning:  mysqli_fetch_array() expects parameter 1 to be mysqli_result, boolean given in /Applications/mampstack-7.1.33-0/apache2/htdocs/Phase3_Sample_Submission/view_requests.php on line 35
[30-Oct-2019 22:28:53 America/Los_Angeles] PHP Warning:  mysqli_fetch_array() expects parameter 1 to be mysqli_result, boolean given in /Applications/mampstack-7.1.33-0/apache2/htdocs/Phase3_Sample_Submission/view_requests.php on line 35
[30-Oct-2019 22:28:55 America/Los_Angeles] PHP Warning:  mysqli_fetch_array() expects parameter 1 to be mysqli_result, boolean given in /Applications/mampstack-7.1.33-0/apache2/htdocs/Phase3_Sample_Submission/view_requests.php on line 35
[30-Oct-2019 22:29:26 America/Los_Angeles] PHP Warning:  mysqli_fetch_array() expects parameter 1 to be mysqli_result, boolean given in /Applications/mampstack-7.1.33-0/apache2/htdocs/Phase3_Sample_Submission/view_requests.php on line 35
[30-Oct-2019 22:29:28 America/Los_Angeles] PHP Warning:  mysqli_fetch_array() expects parameter 1 to be mysqli_result, boolean given in /Applications/mampstack-7.1.33-0/apache2/htdocs/Phase3_Sample_Submission/view_requests.php on line 35
[30-Oct-2019 22:29:32 America/Los_Angeles] PHP Warning:  mysqli_fetch_array() expects parameter 1 to be mysqli_result, boolean given in /Applications/mampstack-7.1.33-0/apache2/htdocs/Phase3_Sample_Submission/view_requests.php on line 35
[30-Oct-2019 22:29:38 America/Los_Angeles] PHP Warning:  mysqli_fetch_array() expects parameter 1 to be mysqli_result, boolean given in /Applications/mampstack-7.1.33-0/apache2/htdocs/Phase3_Sample_Submission/view_requests.php on line 35
[30-Oct-2019 22:30:15 America/Los_Angeles] PHP Warning:  mysqli_fetch_array() expects parameter 1 to be mysqli_result, boolean given in /Applications/mampstack-7.1.33-0/apache2/htdocs/Phase3_Sample_Submission/view_requests.php on line 35
[30-Oct-2019 22:30:16 America/Los_Angeles] PHP Warning:  mysqli_fetch_array() expects parameter 1 to be mysqli_result, boolean given in /Applications/mampstack-7.1.33-0/apache2/htdocs/Phase3_Sample_Submission/view_requests.php on line 35
[30-Oct-2019 22:30:16 America/Los_Angeles] PHP Warning:  mysqli_fetch_array() expects parameter 1 to be mysqli_result, boolean given in /Applications/mampstack-7.1.33-0/apache2/htdocs/Phase3_Sample_Submission/view_requests.php on line 35
[30-Oct-2019 22:30:17 America/Los_Angeles] PHP Warning:  mysqli_fetch_array() expects parameter 1 to be mysqli_result, boolean given in /Applications/mampstack-7.1.33-0/apache2/htdocs/Phase3_Sample_Submission/view_requests.php on line 35
[30-Oct-2019 22:30:17 America/Los_Angeles] PHP Warning:  mysqli_fetch_array() expects parameter 1 to be mysqli_result, boolean given in /Applications/mampstack-7.1.33-0/apache2/htdocs/Phase3_Sample_Submission/view_requests.php on line 35
[30-Oct-2019 22:50:10 America/Los_Angeles] PHP Warning:  mysqli_fetch_array() expects parameter 1 to be mysqli_result, boolean given in /Applications/mampstack-7.1.33-0/apache2/htdocs/Phase3_Sample_Submission/view_requests.php on line 35
[30-Oct-2019 22:50:11 America/Los_Angeles] PHP Warning:  mysqli_fetch_array() expects parameter 1 to be mysqli_result, boolean given in /Applications/mampstack-7.1.33-0/apache2/htdocs/Phase3_Sample_Submission/view_requests.php on line 35
[30-Oct-2019 22:50:17 America/Los_Angeles] PHP Warning:  mysqli_fetch_array() expects parameter 1 to be mysqli_result, boolean given in /Applications/mampstack-7.1.33-0/apache2/htdocs/Phase3_Sample_Submission/view_requests.php on line 35
[30-Oct-2019 22:51:26 America/Los_Angeles] PHP Warning:  mysqli_fetch_array() expects parameter 1 to be mysqli_result, boolean given in /Applications/mampstack-7.1.33-0/apache2/htdocs/Phase3_Sample_Submission/view_requests.php on line 35
[30-Oct-2019 22:52:46 America/Los_Angeles] PHP Warning:  mysqli_fetch_array() expects parameter 1 to be mysqli_result, boolean given in /Applications/mampstack-7.1.33-0/apache2/htdocs/Phase3_Sample_Submission/view_requests.php on line 35
[31-Oct-2019 14:26:27 America/Los_Angeles] PHP Warning:  mysqli_fetch_array() expects parameter 1 to be mysqli_result, boolean given in /Applications/mampstack-7.1.33-0/apache2/htdocs/Phase3_Sample_Submission/view_requests.php on line 35
[31-Oct-2019 14:34:16 America/Los_Angeles] PHP Warning:  mysqli_fetch_array() expects parameter 1 to be mysqli_result, boolean given in /Applications/mampstack-7.1.33-0/apache2/htdocs/Phase3_Sample_Submission/view_updates.php on line 44
[31-Oct-2019 14:45:54 America/Los_Angeles] PHP Warning:  mysqli_fetch_array() expects parameter 1 to be mysqli_result, boolean given in /Applications/mampstack-7.1.33-0/apache2/htdocs/Phase3_Sample_Submission/view_updates.php on line 46
[31-Oct-2019 14:45:56 America/Los_Angeles] PHP Warning:  mysqli_fetch_array() expects parameter 1 to be mysqli_result, boolean given in /Applications/mampstack-7.1.33-0/apache2/htdocs/Phase3_Sample_Submission/view_updates.php on line 46
[31-Oct-2019 14:47:25 America/Los_Angeles] PHP Warning:  mysqli_fetch_array() expects parameter 1 to be mysqli_result, boolean given in /Applications/mampstack-7.1.33-0/apache2/htdocs/Phase3_Sample_Submission/view_updates.php on line 46
[31-Oct-2019 14:47:51 America/Los_Angeles] PHP Warning:  mysqli_fetch_array() expects parameter 1 to be mysqli_result, boolean given in /Applications/mampstack-7.1.33-0/apache2/htdocs/Phase3_Sample_Submission/view_updates.php on line 46
[31-Oct-2019 14:47:54 America/Los_Angeles] PHP Warning:  mysqli_fetch_array() expects parameter 1 to be mysqli_result, boolean given in /Applications/mampstack-7.1.33-0/apache2/htdocs/Phase3_Sample_Submission/view_updates.php on line 46
[31-Oct-2019 14:48:35 America/Los_Angeles] PHP Warning:  mysqli_fetch_array() expects parameter 1 to be mysqli_result, boolean given in /Applications/mampstack-7.1.33-0/apache2/htdocs/Phase3_Sample_Submission/view_updates.php on line 46
[31-Oct-2019 14:49:38 America/Los_Angeles] PHP Warning:  mysqli_fetch_array() expects parameter 1 to be mysqli_result, boolean given in /Applications/mampstack-7.1.33-0/apache2/htdocs/Phase3_Sample_Submission/view_updates.php on line 47
[31-Oct-2019 14:50:33 America/Los_Angeles] PHP Warning:  mysqli_fetch_array() expects parameter 1 to be mysqli_result, boolean given in /Applications/mampstack-7.1.33-0/apache2/htdocs/Phase3_Sample_Submission/view_updates.php on line 47
[31-Oct-2019 14:51:31 America/Los_Angeles] PHP Warning:  mysqli_fetch_array() expects parameter 1 to be mysqli_result, boolean given in /Applications/mampstack-7.1.33-0/apache2/htdocs/Phase3_Sample_Submission/view_updates.php on line 46
[31-Oct-2019 14:52:03 America/Los_Angeles] PHP Warning:  mysqli_fetch_array() expects parameter 1 to be mysqli_result, boolean given in /Applications/mampstack-7.1.33-0/apache2/htdocs/Phase3_Sample_Submission/view_updates.php on line 46
[31-Oct-2019 14:52:11 America/Los_Angeles] PHP Warning:  mysqli_fetch_array() expects parameter 1 to be mysqli_result, boolean given in /Applications/mampstack-7.1.33-0/apache2/htdocs/Phase3_Sample_Submission/view_updates.php on line 46
[31-Oct-2019 14:54:39 America/Los_Angeles] PHP Warning:  mysqli_fetch_array() expects parameter 1 to be mysqli_result, boolean given in /Applications/mampstack-7.1.33-0/apache2/htdocs/Phase3_Sample_Submission/view_updates.php on line 45
[31-Oct-2019 14:57:29 America/Los_Angeles] PHP Warning:  mysqli_fetch_array() expects parameter 1 to be mysqli_result, boolean given in /Applications/mampstack-7.1.33-0/apache2/htdocs/Phase3_Sample_Submission/view_updates.php on line 45
[31-Oct-2019 17:20:37 America/Los_Angeles] PHP Notice:  Undefined index: vendorName in /Applications/mampstack-7.1.33-0/apache2/htdocs/Phase3_Sample_Submission/monthly_loan_income.php on line 60
[31-Oct-2019 17:20:37 America/Los_Angeles] PHP Notice:  Undefined index: num_parts in /Applications/mampstack-7.1.33-0/apache2/htdocs/Phase3_Sample_Submission/monthly_loan_income.php on line 61
[31-Oct-2019 17:20:37 America/Los_Angeles] PHP Notice:  Undefined index: total_money in /Applications/mampstack-7.1.33-0/apache2/htdocs/Phase3_Sample_Submission/monthly_loan_income.php on line 62
[31-Oct-2019 17:20:37 America/Los_Angeles] PHP Notice:  Undefined index: vendorName in /Applications/mampstack-7.1.33-0/apache2/htdocs/Phase3_Sample_Submission/monthly_loan_income.php on line 60
[31-Oct-2019 17:20:37 America/Los_Angeles] PHP Notice:  Undefined index: num_parts in /Applications/mampstack-7.1.33-0/apache2/htdocs/Phase3_Sample_Submission/monthly_loan_income.php on line 61
[31-Oct-2019 17:20:37 America/Los_Angeles] PHP Notice:  Undefined index: total_money in /Applications/mampstack-7.1.33-0/apache2/htdocs/Phase3_Sample_Submission/monthly_loan_income.php on line 62
[31-Oct-2019 17:20:37 America/Los_Angeles] PHP Notice:  Undefined index: vendorName in /Applications/mampstack-7.1.33-0/apache2/htdocs/Phase3_Sample_Submission/monthly_loan_income.php on line 60
[31-Oct-2019 17:20:37 America/Los_Angeles] PHP Notice:  Undefined index: num_parts in /Applications/mampstack-7.1.33-0/apache2/htdocs/Phase3_Sample_Submission/monthly_loan_income.php on line 61
[31-Oct-2019 17:20:37 America/Los_Angeles] PHP Notice:  Undefined index: total_money in /Applications/mampstack-7.1.33-0/apache2/htdocs/Phase3_Sample_Submission/monthly_loan_income.php on line 62
[31-Oct-2019 17:20:37 America/Los_Angeles] PHP Notice:  Undefined index: vendorName in /Applications/mampstack-7.1.33-0/apache2/htdocs/Phase3_Sample_Submission/monthly_loan_income.php on line 60
[31-Oct-2019 17:20:37 America/Los_Angeles] PHP Notice:  Undefined index: num_parts in /Applications/mampstack-7.1.33-0/apache2/htdocs/Phase3_Sample_Submission/monthly_loan_income.php on line 61
[31-Oct-2019 17:20:37 America/Los_Angeles] PHP Notice:  Undefined index: total_money in /Applications/mampstack-7.1.33-0/apache2/htdocs/Phase3_Sample_Submission/monthly_loan_income.php on line 62
[31-Oct-2019 17:20:37 America/Los_Angeles] PHP Notice:  Undefined index: vendorName in /Applications/mampstack-7.1.33-0/apache2/htdocs/Phase3_Sample_Submission/monthly_loan_income.php on line 60
[31-Oct-2019 17:20:37 America/Los_Angeles] PHP Notice:  Undefined index: num_parts in /Applications/mampstack-7.1.33-0/apache2/htdocs/Phase3_Sample_Submission/monthly_loan_income.php on line 61
[31-Oct-2019 17:20:37 America/Los_Angeles] PHP Notice:  Undefined index: total_money in /Applications/mampstack-7.1.33-0/apache2/htdocs/Phase3_Sample_Submission/monthly_loan_income.php on line 62
[31-Oct-2019 17:20:37 America/Los_Angeles] PHP Notice:  Undefined index: vendorName in /Applications/mampstack-7.1.33-0/apache2/htdocs/Phase3_Sample_Submission/monthly_loan_income.php on line 60
[31-Oct-2019 17:20:37 America/Los_Angeles] PHP Notice:  Undefined index: num_parts in /Applications/mampstack-7.1.33-0/apache2/htdocs/Phase3_Sample_Submission/monthly_loan_income.php on line 61
[31-Oct-2019 17:20:37 America/Los_Angeles] PHP Notice:  Undefined index: total_money in /Applications/mampstack-7.1.33-0/apache2/htdocs/Phase3_Sample_Submission/monthly_loan_income.php on line 62
[31-Oct-2019 17:20:37 America/Los_Angeles] PHP Notice:  Undefined index: vendorName in /Applications/mampstack-7.1.33-0/apache2/htdocs/Phase3_Sample_Submission/monthly_loan_income.php on line 60
[31-Oct-2019 17:20:37 America/Los_Angeles] PHP Notice:  Undefined index: num_parts in /Applications/mampstack-7.1.33-0/apache2/htdocs/Phase3_Sample_Submission/monthly_loan_income.php on line 61
[31-Oct-2019 17:20:37 America/Los_Angeles] PHP Notice:  Undefined index: total_money in /Applications/mampstack-7.1.33-0/apache2/htdocs/Phase3_Sample_Submission/monthly_loan_income.php on line 62
[31-Oct-2019 17:20:37 America/Los_Angeles] PHP Notice:  Undefined index: vendorName in /Applications/mampstack-7.1.33-0/apache2/htdocs/Phase3_Sample_Submission/monthly_loan_income.php on line 60
[31-Oct-2019 17:20:37 America/Los_Angeles] PHP Notice:  Undefined index: num_parts in /Applications/mampstack-7.1.33-0/apache2/htdocs/Phase3_Sample_Submission/monthly_loan_income.php on line 61
[31-Oct-2019 17:20:37 America/Los_Angeles] PHP Notice:  Undefined index: total_money in /Applications/mampstack-7.1.33-0/apache2/htdocs/Phase3_Sample_Submission/monthly_loan_income.php on line 62
[31-Oct-2019 17:20:37 America/Los_Angeles] PHP Notice:  Undefined index: vendorName in /Applications/mampstack-7.1.33-0/apache2/htdocs/Phase3_Sample_Submission/monthly_loan_income.php on line 60
[31-Oct-2019 17:20:37 America/Los_Angeles] PHP Notice:  Undefined index: num_parts in /Applications/mampstack-7.1.33-0/apache2/htdocs/Phase3_Sample_Submission/monthly_loan_income.php on line 61
[31-Oct-2019 17:20:37 America/Los_Angeles] PHP Notice:  Undefined index: total_money in /Applications/mampstack-7.1.33-0/apache2/htdocs/Phase3_Sample_Submission/monthly_loan_income.php on line 62
[31-Oct-2019 17:20:37 America/Los_Angeles] PHP Notice:  Undefined index: vendorName in /Applications/mampstack-7.1.33-0/apache2/htdocs/Phase3_Sample_Submission/monthly_loan_income.php on line 60
[31-Oct-2019 17:20:37 America/Los_Angeles] PHP Notice:  Undefined index: num_parts in /Applications/mampstack-7.1.33-0/apache2/htdocs/Phase3_Sample_Submission/monthly_loan_income.php on line 61
[31-Oct-2019 17:20:37 America/Los_Angeles] PHP Notice:  Undefined index: total_money in /Applications/mampstack-7.1.33-0/apache2/htdocs/Phase3_Sample_Submission/monthly_loan_income.php on line 62
[31-Oct-2019 17:20:37 America/Los_Angeles] PHP Notice:  Undefined index: vendorName in /Applications/mampstack-7.1.33-0/apache2/htdocs/Phase3_Sample_Submission/monthly_loan_income.php on line 60
[31-Oct-2019 17:20:37 America/Los_Angeles] PHP Notice:  Undefined index: num_parts in /Applications/mampstack-7.1.33-0/apache2/htdocs/Phase3_Sample_Submission/monthly_loan_income.php on line 61
[31-Oct-2019 17:20:37 America/Los_Angeles] PHP Notice:  Undefined index: total_money in /Applications/mampstack-7.1.33-0/apache2/htdocs/Phase3_Sample_Submission/monthly_loan_income.php on line 62
[31-Oct-2019 17:20:37 America/Los_Angeles] PHP Notice:  Undefined index: vendorName in /Applications/mampstack-7.1.33-0/apache2/htdocs/Phase3_Sample_Submission/monthly_loan_income.php on line 60
[31-Oct-2019 17:20:37 America/Los_Angeles] PHP Notice:  Undefined index: num_parts in /Applications/mampstack-7.1.33-0/apache2/htdocs/Phase3_Sample_Submission/monthly_loan_income.php on line 61
[31-Oct-2019 17:20:37 America/Los_Angeles] PHP Notice:  Undefined index: total_money in /Applications/mampstack-7.1.33-0/apache2/htdocs/Phase3_Sample_Submission/monthly_loan_income.php on line 62
[31-Oct-2019 17:20:42 America/Los_Angeles] PHP Notice:  Undefined index: vendorName in /Applications/mampstack-7.1.33-0/apache2/htdocs/Phase3_Sample_Submission/monthly_loan_income.php on line 60
[31-Oct-2019 17:20:42 America/Los_Angeles] PHP Notice:  Undefined index: num_parts in /Applications/mampstack-7.1.33-0/apache2/htdocs/Phase3_Sample_Submission/monthly_loan_income.php on line 61
[31-Oct-2019 17:20:42 America/Los_Angeles] PHP Notice:  Undefined index: total_money in /Applications/mampstack-7.1.33-0/apache2/htdocs/Phase3_Sample_Submission/monthly_loan_income.php on line 62
[31-Oct-2019 17:20:42 America/Los_Angeles] PHP Notice:  Undefined index: vendorName in /Applications/mampstack-7.1.33-0/apache2/htdocs/Phase3_Sample_Submission/monthly_loan_income.php on line 60
[31-Oct-2019 17:20:42 America/Los_Angeles] PHP Notice:  Undefined index: num_parts in /Applications/mampstack-7.1.33-0/apache2/htdocs/Phase3_Sample_Submission/monthly_loan_income.php on line 61
[31-Oct-2019 17:20:42 America/Los_Angeles] PHP Notice:  Undefined index: total_money in /Applications/mampstack-7.1.33-0/apache2/htdocs/Phase3_Sample_Submission/monthly_loan_income.php on line 62
[31-Oct-2019 17:20:42 America/Los_Angeles] PHP Notice:  Undefined index: vendorName in /Applications/mampstack-7.1.33-0/apache2/htdocs/Phase3_Sample_Submission/monthly_loan_income.php on line 60
[31-Oct-2019 17:20:42 America/Los_Angeles] PHP Notice:  Undefined index: num_parts in /Applications/mampstack-7.1.33-0/apache2/htdocs/Phase3_Sample_Submission/monthly_loan_income.php on line 61
[31-Oct-2019 17:20:42 America/Los_Angeles] PHP Notice:  Undefined index: total_money in /Applications/mampstack-7.1.33-0/apache2/htdocs/Phase3_Sample_Submission/monthly_loan_income.php on line 62
[31-Oct-2019 17:20:42 America/Los_Angeles] PHP Notice:  Undefined index: vendorName in /Applications/mampstack-7.1.33-0/apache2/htdocs/Phase3_Sample_Submission/monthly_loan_income.php on line 60
[31-Oct-2019 17:20:42 America/Los_Angeles] PHP Notice:  Undefined index: num_parts in /Applications/mampstack-7.1.33-0/apache2/htdocs/Phase3_Sample_Submission/monthly_loan_income.php on line 61
[31-Oct-2019 17:20:42 America/Los_Angeles] PHP Notice:  Undefined index: total_money in /Applications/mampstack-7.1.33-0/apache2/htdocs/Phase3_Sample_Submission/monthly_loan_income.php on line 62
[31-Oct-2019 17:20:42 America/Los_Angeles] PHP Notice:  Undefined index: vendorName in /Applications/mampstack-7.1.33-0/apache2/htdocs/Phase3_Sample_Submission/monthly_loan_income.php on line 60
[31-Oct-2019 17:20:42 America/Los_Angeles] PHP Notice:  Undefined index: num_parts in /Applications/mampstack-7.1.33-0/apache2/htdocs/Phase3_Sample_Submission/monthly_loan_income.php on line 61
[31-Oct-2019 17:20:42 America/Los_Angeles] PHP Notice:  Undefined index: total_money in /Applications/mampstack-7.1.33-0/apache2/htdocs/Phase3_Sample_Submission/monthly_loan_income.php on line 62
[31-Oct-2019 17:20:42 America/Los_Angeles] PHP Notice:  Undefined index: vendorName in /Applications/mampstack-7.1.33-0/apache2/htdocs/Phase3_Sample_Submission/monthly_loan_income.php on line 60
[31-Oct-2019 17:20:42 America/Los_Angeles] PHP Notice:  Undefined index: num_parts in /Applications/mampstack-7.1.33-0/apache2/htdocs/Phase3_Sample_Submission/monthly_loan_income.php on line 61
[31-Oct-2019 17:20:42 America/Los_Angeles] PHP Notice:  Undefined index: total_money in /Applications/mampstack-7.1.33-0/apache2/htdocs/Phase3_Sample_Submission/monthly_loan_income.php on line 62
[31-Oct-2019 17:20:42 America/Los_Angeles] PHP Notice:  Undefined index: vendorName in /Applications/mampstack-7.1.33-0/apache2/htdocs/Phase3_Sample_Submission/monthly_loan_income.php on line 60
[31-Oct-2019 17:20:42 America/Los_Angeles] PHP Notice:  Undefined index: num_parts in /Applications/mampstack-7.1.33-0/apache2/htdocs/Phase3_Sample_Submission/monthly_loan_income.php on line 61
[31-Oct-2019 17:20:42 America/Los_Angeles] PHP Notice:  Undefined index: total_money in /Applications/mampstack-7.1.33-0/apache2/htdocs/Phase3_Sample_Submission/monthly_loan_income.php on line 62
[31-Oct-2019 17:20:42 America/Los_Angeles] PHP Notice:  Undefined index: vendorName in /Applications/mampstack-7.1.33-0/apache2/htdocs/Phase3_Sample_Submission/monthly_loan_income.php on line 60
[31-Oct-2019 17:20:42 America/Los_Angeles] PHP Notice:  Undefined index: num_parts in /Applications/mampstack-7.1.33-0/apache2/htdocs/Phase3_Sample_Submission/monthly_loan_income.php on line 61
[31-Oct-2019 17:20:42 America/Los_Angeles] PHP Notice:  Undefined index: total_money in /Applications/mampstack-7.1.33-0/apache2/htdocs/Phase3_Sample_Submission/monthly_loan_income.php on line 62
[31-Oct-2019 17:20:42 America/Los_Angeles] PHP Notice:  Undefined index: vendorName in /Applications/mampstack-7.1.33-0/apache2/htdocs/Phase3_Sample_Submission/monthly_loan_income.php on line 60
[31-Oct-2019 17:20:42 America/Los_Angeles] PHP Notice:  Undefined index: num_parts in /Applications/mampstack-7.1.33-0/apache2/htdocs/Phase3_Sample_Submission/monthly_loan_income.php on line 61
[31-Oct-2019 17:20:42 America/Los_Angeles] PHP Notice:  Undefined index: total_money in /Applications/mampstack-7.1.33-0/apache2/htdocs/Phase3_Sample_Submission/monthly_loan_income.php on line 62
[31-Oct-2019 17:20:42 America/Los_Angeles] PHP Notice:  Undefined index: vendorName in /Applications/mampstack-7.1.33-0/apache2/htdocs/Phase3_Sample_Submission/monthly_loan_income.php on line 60
[31-Oct-2019 17:20:42 America/Los_Angeles] PHP Notice:  Undefined index: num_parts in /Applications/mampstack-7.1.33-0/apache2/htdocs/Phase3_Sample_Submission/monthly_loan_income.php on line 61
[31-Oct-2019 17:20:42 America/Los_Angeles] PHP Notice:  Undefined index: total_money in /Applications/mampstack-7.1.33-0/apache2/htdocs/Phase3_Sample_Submission/monthly_loan_income.php on line 62
[31-Oct-2019 17:20:42 America/Los_Angeles] PHP Notice:  Undefined index: vendorName in /Applications/mampstack-7.1.33-0/apache2/htdocs/Phase3_Sample_Submission/monthly_loan_income.php on line 60
[31-Oct-2019 17:20:42 America/Los_Angeles] PHP Notice:  Undefined index: num_parts in /Applications/mampstack-7.1.33-0/apache2/htdocs/Phase3_Sample_Submission/monthly_loan_income.php on line 61
[31-Oct-2019 17:20:42 America/Los_Angeles] PHP Notice:  Undefined index: total_money in /Applications/mampstack-7.1.33-0/apache2/htdocs/Phase3_Sample_Submission/monthly_loan_income.php on line 62
[31-Oct-2019 17:20:42 America/Los_Angeles] PHP Notice:  Undefined index: vendorName in /Applications/mampstack-7.1.33-0/apache2/htdocs/Phase3_Sample_Submission/monthly_loan_income.php on line 60
[31-Oct-2019 17:20:42 America/Los_Angeles] PHP Notice:  Undefined index: num_parts in /Applications/mampstack-7.1.33-0/apache2/htdocs/Phase3_Sample_Submission/monthly_loan_income.php on line 61
[31-Oct-2019 17:20:42 America/Los_Angeles] PHP Notice:  Undefined index: total_money in /Applications/mampstack-7.1.33-0/apache2/htdocs/Phase3_Sample_Submission/monthly_loan_income.php on line 62
[31-Oct-2019 21:11:03 America/Los_Angeles] PHP Warning:  mysqli_fetch_array() expects parameter 1 to be mysqli_result, boolean given in /Applications/mampstack-7.1.33-0/apache2/htdocs/Phase3_Sample_Submission/login_user_search.php on line 126
[31-Oct-2019 21:11:08 America/Los_Angeles] PHP Warning:  mysqli_fetch_array() expects parameter 1 to be mysqli_result, boolean given in /Applications/mampstack-7.1.33-0/apache2/htdocs/Phase3_Sample_Submission/login_user_search.php on line 126
[31-Oct-2019 21:11:34 America/Los_Angeles] PHP Warning:  mysqli_fetch_array() expects parameter 1 to be mysqli_result, boolean given in /Applications/mampstack-7.1.33-0/apache2/htdocs/Phase3_Sample_Submission/login_user_search.php on line 126
[31-Oct-2019 21:11:46 America/Los_Angeles] PHP Warning:  mysqli_fetch_array() expects parameter 1 to be mysqli_result, boolean given in /Applications/mampstack-7.1.33-0/apache2/htdocs/Phase3_Sample_Submission/login_user_search.php on line 126
[31-Oct-2019 21:13:44 America/Los_Angeles] PHP Notice:  Undefined variable: user_name in /Applications/mampstack-7.1.33-0/apache2/htdocs/Phase3_Sample_Submission/login_user_search.php on line 93
[31-Oct-2019 21:13:44 America/Los_Angeles] PHP Warning:  mysqli_fetch_array() expects parameter 1 to be mysqli_result, boolean given in /Applications/mampstack-7.1.33-0/apache2/htdocs/Phase3_Sample_Submission/login_user_search.php on line 128
[31-Oct-2019 21:13:51 America/Los_Angeles] PHP Notice:  Undefined variable: user_name in /Applications/mampstack-7.1.33-0/apache2/htdocs/Phase3_Sample_Submission/login_user_search.php on line 93
[31-Oct-2019 21:13:51 America/Los_Angeles] PHP Warning:  mysqli_fetch_array() expects parameter 1 to be mysqli_result, boolean given in /Applications/mampstack-7.1.33-0/apache2/htdocs/Phase3_Sample_Submission/login_user_search.php on line 128
[31-Oct-2019 21:13:53 America/Los_Angeles] PHP Notice:  Undefined variable: user_name in /Applications/mampstack-7.1.33-0/apache2/htdocs/Phase3_Sample_Submission/login_user_search.php on line 93
[31-Oct-2019 21:13:53 America/Los_Angeles] PHP Warning:  mysqli_fetch_array() expects parameter 1 to be mysqli_result, boolean given in /Applications/mampstack-7.1.33-0/apache2/htdocs/Phase3_Sample_Submission/login_user_search.php on line 128
[31-Oct-2019 21:17:58 America/Los_Angeles] PHP Warning:  mysqli_fetch_array() expects parameter 1 to be mysqli_result, boolean given in /Applications/mampstack-7.1.33-0/apache2/htdocs/Phase3_Sample_Submission/login_user_search.php on line 110
[31-Oct-2019 21:18:00 America/Los_Angeles] PHP Warning:  mysqli_fetch_array() expects parameter 1 to be mysqli_result, boolean given in /Applications/mampstack-7.1.33-0/apache2/htdocs/Phase3_Sample_Submission/login_user_search.php on line 110
[31-Oct-2019 21:18:45 America/Los_Angeles] PHP Warning:  mysqli_fetch_array() expects parameter 1 to be mysqli_result, boolean given in /Applications/mampstack-7.1.33-0/apache2/htdocs/Phase3_Sample_Submission/login_user_search.php on line 110
[31-Oct-2019 21:18:46 America/Los_Angeles] PHP Warning:  mysqli_fetch_array() expects parameter 1 to be mysqli_result, boolean given in /Applications/mampstack-7.1.33-0/apache2/htdocs/Phase3_Sample_Submission/login_user_search.php on line 110
[31-Oct-2019 21:18:47 America/Los_Angeles] PHP Warning:  mysqli_fetch_array() expects parameter 1 to be mysqli_result, boolean given in /Applications/mampstack-7.1.33-0/apache2/htdocs/Phase3_Sample_Submission/login_user_search.php on line 110
[31-Oct-2019 21:18:48 America/Los_Angeles] PHP Warning:  mysqli_fetch_array() expects parameter 1 to be mysqli_result, boolean given in /Applications/mampstack-7.1.33-0/apache2/htdocs/Phase3_Sample_Submission/login_user_search.php on line 110
[31-Oct-2019 22:09:29 America/Los_Angeles] PHP Warning:  include(lib/menu.php): failed to open stream: No such file or directory in /Applications/mampstack-7.1.33-0/apache2/htdocs/Phase3_Sample_Submission/add_vehicle.php on line 14
[31-Oct-2019 22:09:29 America/Los_Angeles] PHP Warning:  include(): Failed opening 'lib/menu.php' for inclusion (include_path='.:/Applications/mampstack-7.1.33-0/php/lib/php:/Applications/mampstack-7.1.33-0/frameworks/smarty/libs') in /Applications/mampstack-7.1.33-0/apache2/htdocs/Phase3_Sample_Submission/add_vehicle.php on line 14
[31-Oct-2019 22:09:35 America/Los_Angeles] PHP Warning:  include(lib/menu.php): failed to open stream: No such file or directory in /Applications/mampstack-7.1.33-0/apache2/htdocs/Phase3_Sample_Submission/add_vehicle.php on line 14
[31-Oct-2019 22:09:35 America/Los_Angeles] PHP Warning:  include(): Failed opening 'lib/menu.php' for inclusion (include_path='.:/Applications/mampstack-7.1.33-0/php/lib/php:/Applications/mampstack-7.1.33-0/frameworks/smarty/libs') in /Applications/mampstack-7.1.33-0/apache2/htdocs/Phase3_Sample_Submission/add_vehicle.php on line 14
[31-Oct-2019 22:11:15 America/Los_Angeles] PHP Warning:  include(lib/menu.php): failed to open stream: No such file or directory in /Applications/mampstack-7.1.33-0/apache2/htdocs/Phase3_Sample_Submission/avg_time_in_inventory.php on line 14
[31-Oct-2019 22:11:15 America/Los_Angeles] PHP Warning:  include(): Failed opening 'lib/menu.php' for inclusion (include_path='.:/Applications/mampstack-7.1.33-0/php/lib/php:/Applications/mampstack-7.1.33-0/frameworks/smarty/libs') in /Applications/mampstack-7.1.33-0/apache2/htdocs/Phase3_Sample_Submission/avg_time_in_inventory.php on line 14
[31-Oct-2019 22:13:02 America/Los_Angeles] PHP Warning:  include(lib/menu.php): failed to open stream: No such file or directory in /Applications/mampstack-7.1.33-0/apache2/htdocs/Phase3_Sample_Submission/avg_time_in_inventory.php on line 14
[31-Oct-2019 22:13:02 America/Los_Angeles] PHP Warning:  include(): Failed opening 'lib/menu.php' for inclusion (include_path='.:/Applications/mampstack-7.1.33-0/php/lib/php:/Applications/mampstack-7.1.33-0/frameworks/smarty/libs') in /Applications/mampstack-7.1.33-0/apache2/htdocs/Phase3_Sample_Submission/avg_time_in_inventory.php on line 14
[31-Oct-2019 22:15:12 America/Los_Angeles] PHP Warning:  include(lib/menu.php): failed to open stream: No such file or directory in /Applications/mampstack-7.1.33-0/apache2/htdocs/Phase3_Sample_Submission/add_vehicle.php on line 14
[31-Oct-2019 22:15:12 America/Los_Angeles] PHP Warning:  include(): Failed opening 'lib/menu.php' for inclusion (include_path='.:/Applications/mampstack-7.1.33-0/php/lib/php:/Applications/mampstack-7.1.33-0/frameworks/smarty/libs') in /Applications/mampstack-7.1.33-0/apache2/htdocs/Phase3_Sample_Submission/add_vehicle.php on line 14
[31-Oct-2019 22:16:39 America/Los_Angeles] PHP Warning:  include(lib/menu.php): failed to open stream: No such file or directory in /Applications/mampstack-7.1.33-0/apache2/htdocs/Phase3_Sample_Submission/add_vehicle.php on line 14
[31-Oct-2019 22:16:39 America/Los_Angeles] PHP Warning:  include(): Failed opening 'lib/menu.php' for inclusion (include_path='.:/Applications/mampstack-7.1.33-0/php/lib/php:/Applications/mampstack-7.1.33-0/frameworks/smarty/libs') in /Applications/mampstack-7.1.33-0/apache2/htdocs/Phase3_Sample_Submission/add_vehicle.php on line 14
[31-Oct-2019 22:18:58 America/Los_Angeles] PHP Warning:  include(lib/menu.php): failed to open stream: No such file or directory in /Applications/mampstack-7.1.33-0/apache2/htdocs/Phase3_Sample_Submission/price_per_condition.php on line 14
[31-Oct-2019 22:18:58 America/Los_Angeles] PHP Warning:  include(): Failed opening 'lib/menu.php' for inclusion (include_path='.:/Applications/mampstack-7.1.33-0/php/lib/php:/Applications/mampstack-7.1.33-0/frameworks/smarty/libs') in /Applications/mampstack-7.1.33-0/apache2/htdocs/Phase3_Sample_Submission/price_per_condition.php on line 14
